2014-09-22 20:49:39 Debug: Notice (8): Undefined index: ordernum in [C:\FEBSRV\HTDOCS\new-clients\app\Controller\ApiController.php, line 494]
Trace:
ApiController::saveview() - APP\Controller\ApiController.php, line 494
ReflectionMethod::invokeArgs() - [internal], line ??
Controller::invokeAction() - CORE\Cake\Controller\Controller.php, line 490
Dispatcher::_invoke() - CORE\Cake\Routing\Dispatcher.php, line 191
Dispatcher::dispatch() - CORE\Cake\Routing\Dispatcher.php, line 165
[main] - APP\webroot\index.php, line 108

2014-09-22 20:52:15 Debug: Notice (8): Undefined index: ordernum in [C:\FEBSRV\HTDOCS\new-clients\app\Controller\ApiController.php, line 494]
Trace:
ApiController::saveview() - APP\Controller\ApiController.php, line 494
ReflectionMethod::invokeArgs() - [internal], line ??
Controller::invokeAction() - CORE\Cake\Controller\Controller.php, line 490
Dispatcher::_invoke() - CORE\Cake\Routing\Dispatcher.php, line 191
Dispatcher::dispatch() - CORE\Cake\Routing\Dispatcher.php, line 165
[main] - APP\webroot\index.php, line 108

2014-09-22 20:54:21 Debug: Notice (8): Undefined index: ordernum in [C:\FEBSRV\HTDOCS\new-clients\app\Controller\ApiController.php, line 494]
Trace:
ApiController::saveview() - APP\Controller\ApiController.php, line 494
ReflectionMethod::invokeArgs() - [internal], line ??
Controller::invokeAction() - CORE\Cake\Controller\Controller.php, line 490
Dispatcher::_invoke() - CORE\Cake\Routing\Dispatcher.php, line 191
Dispatcher::dispatch() - CORE\Cake\Routing\Dispatcher.php, line 165
[main] - APP\webroot\index.php, line 108

